<?xml version="1.0" encoding="UTF-8"?>
<!-- Generated by org.testng.reporters.JUnitReportReporter -->
<testsuite hostname="Aryans-MacBook-Pro.local" failures="0" tests="3" name="com.qa.testcases.SearchTest" time="20.808" errors="0" timestamp="2024-05-21T11:26:28 IST" skipped="0">
  <testcase classname="com.qa.testcases.SearchTest" name="searchWithValidProducts" time="6.481"/>
  <testcase classname="com.qa.testcases.SearchTest" name="searchWithInvalidProducts" time="8.168"/>
  <testcase classname="com.qa.testcases.SearchTest" name="searchWithNoProduct" time="6.159"/>
</testsuite> <!-- com.qa.testcases.SearchTest -->
